1 1 1
1 999999 525
999999 1 525
442482 821567 509
752157 787816 468
639759 517587 509
411193 56813 449
302447 394156 441
85359 680764 509
319796 306061 384
690934 605325 509
381395 451579 449
496511 626475 509
410813 573095 470
123562 701179 509
72445 800324 509
285123 664141 509
126017 557128 470
775536 129711 509
231853 865433 525
935592 606138 525
710097 621526 509
248392 529126 470
382241 17360 443
250030 245946 350
841912 57170 525
449633 277302 449
238005 883353 525
156948 232959 443
38555 962544 525
496841 967576 525
588363 132650 470
918100 392683 525
361651 156450 443
666814 424922 509
802464 407817 509
357862 566306 470
141065 347041 443
159415 24346 383
344273 703341 509
836639 485522 509
920225 532792 525
581268 915709 525
365069 127987 443
247222 18859 443
380444 72434 443
152033 698626 509
976736 26441 525
331368 671151 509
174470 350517 443
252618 570700 470
400132 788157 509
910321 104703 525
429268 853835 525
861774 598372 525
501136 711306 509
488020 209092 449
63951 136074 354
448569 602942 470
639298 685977 442
721600 435822 509
963141 35119 525
272729 50318 443
584323 665647 509
225679 224373 368
123275 52419 354
383911 518316 470
255051 989128 525
692205 663374 442
143114 453733 449
668699 414170 509
257389 913037 525
783220 538196 509
885200 69469 525
180427 418261 449
61614 487870 449
593226 680437 509
750184 964641 525
834067 902884 525
850711 14784 525
378903 852470 525
394416 863340 525
575126 456614 470
277482 115649 443
482661 729914 509
367449 959386 525
953166 549911 525
866054 527714 525
402269 700422 509
166663 706632 509
809467 407174 509
518887 105158 470
642373 642933 292
630759 433924 509
843246 614431 525
416811 24028 449
876129 511664 525
714041 184442 509
310343 443044 449
447775 679582 509
482246 908833 525
72794 689495 509
983606 923860 507
135310 817162 509
484665 141346 449
184744 314500 443
488267 485048 382
978972 280379 525
563092 292338 470
278302 44436 443
755179 568551 509
824151 550790 509
681962 635678 442
320948 142101 443
539215 846283 525
759978 804704 468
491934 136400 449
600572 830372 509
761166 908763 525
234556 597716 470
981024 533689 525
977209 861004 507
974103 298881 525
804149 190817 509
87661 577884 470
944699 349925 525
706359 458689 509
659831 566857 509
905707 338959 525
483159 701964 509
511384 370526 449
920023 629813 525
156514 757607 509
600721 587976 403
124527 732812 509
548213 623570 447
879298 2499 525
708664 798495 468
191980 559961 470
335461 510256 449
716750 394878 509
808107 465522 509
331325 703262 509
432888 309001 449
809910 757886 468
17984 523989 470
337017 889843 525
570694 827637 509
195077 885244 525
360773 853024 525
110552 656073 509
734851 942241 525
216137 324573 443
513496 846129 525
345730 889904 525
113979 805601 509
360973 733910 509
46575 24174 324
242521 437957 449
376381 761841 509
82254 239795 443
642776 806595 504
557613 809067 509
88293 194748 383
523814 836918 509
548398 295885 470
757979 530219 509
544738 86067 470
393496 479275 449
72440 690228 509
648170 795948 504
786096 846485 525
948678 365189 525
87646 868685 525
445667 241005 449
811833 732486 468
250935 957320 525
940074 272263 525
269006 592756 470
162105 603401 470
982132 741426 525
538173 852111 525
279367 808148 509
489156 455111 444
315602 755054 509
469758 723874 509
942751 876582 507
194569 689666 509
511755 676955 509
200592 24402 383
526404 980100 525
626258 941705 525
239077 506733 449
368466 398179 436
436738 783486 509
559535 387291 470
277638 939866 525
803958 234185 509
882917 302224 525
410223 442099 418
399579 103245 443
288736 667111 509
61198 830662 509
975828 86626 525
403774 469137 449
305389 323011 384
295967 364713 441
417813 468402 444
729479 123575 509
381725 384602 374
465595 569431 470
88523 310037 443
155125 253102 443
631358 719801 504
704706 175955 509
962025 655150 525
549581 115363 470
206002 221962 386
928271 820502 525
447057 170255 449
461166 360077 449
387633 580896 470
449338 55292 449
403735 97683 443
133548 628377 509
467433 11570 449
778198 808156 468
835375 808849 450
848155 202734 525
162161 306315 443
501730 5024 449
645264 403573 509
75808 95588 351
448452 589987 470
590587 999529 525
93871 883741 525
42708 402671 443
971820 241630 525
167187 190365 365
954690 464944 525
679684 540065 509
86733 997418 525
457097 563729 470
626269 79171 470
822813 652466 504
172317 961963 525
621015 384980 470
540052 510323 470
447830 694245 509
724158 384041 509
857740 948149 507
989200 744292 525
335639 799307 509
29409 18169 308
287820 958894 525
938401 889305 476
256626 47201 443
826721 37509 509
526337 948407 525
238909 308361 407
690063 835995 504
790869 13176 509
340551 119708 443
552291 232751 470
52189 550229 470
403453 474383 449
238692 547458 470
645391 65567 509
871542 855926 388
131992 482806 449
79930 750049 509
271636 541932 470
158291 167865 370
510154 697875 509
451203 143512 449
230337 664739 509
126321 826444 509
318211 678459 509
211973 756862 509
97196 431511 449
313039 381542 441
344686 841832 525
632836 743269 504
225723 961563 525
622445 368861 470
812615 92602 509
925649 540474 525
341383 673273 509
891999 57209 525
297348 19531 443
180348 67967 383
397138 856918 525
470147 807618 509
420244 246004 449
798503 333204 509
620048 107482 470
535420 599746 452
690119 796341 504
495981 115499 449
676534 860336 525
664848 194055 509
793246 707563 468
519537 336809 470
217657 279505 443
726343 392004 509
131815 989077 525
376833 572437 470
54993 246943 443
220041 182934 386
862803 375969 525
185118 575478 470
883018 965631 507
972726 257189 525
495007 830621 509
53601 395692 443
305669 50204 443
214585 494272 449
904280 256303 525
790786 270626 509
854471 719825 525
215337 367446 443
690866 987220 525
350671 931274 525
91653 237309 443
416984 888605 525
704240 137014 509
14474 884441 525
635746 445136 509
597398 239722 470
217059 968649 525
567104 622790 447
804389 610647 509
93332 800410 509
717968 924749 525
729561 741175 424
499497 438104 444
35225 680106 509
468148 949702 525
11800 466208 449
245812 502462 449
521438 794732 509
804544 299353 509
119391 593574 470
34667 626893 509
195910 722856 509
878459 642606 525
699063 923473 525
141783 703973 509
9752 697952 509
570646 562505 421
919108 179655 525
991012 741179 525
629649 764785 504
292741 293629 358
838392 992984 507
50266 14361 324
282512 842113 525
433170 29565 449
41332 999578 525
421895 779919 509
415894 414389 374
319741 247554 407
598257 426364 470
424875 268182 449
972662 222861 525
1088 566197 470
164313 731341 509
534558 74022 470
759298 20516 509
958606 326922 525
782040 879724 525
59442 732723 509
422740 545277 470
97243 202844 383
107283 285389 443
205978 162099 365
937791 984134 507
351094 649967 509
456817 449607 387
229755 584598 470
252380 723393 509
309480 737624 509
82565 164950 383
901100 48082 525
902702 365642 525
5963 449859 449
429868 205951 449
831236 693934 504
360120 460811 449
546941 552858 377
373190 559286 470
415039 817685 509
14688 994329 525
90209 529000 470
44950 460761 449
947347 343900 525
879887 756219 525
526766 685746 509
139367 464868 449
357356 200614 443
950445 190777 525
754914 766469 380
722848 2261 509
862653 59889 525
518390 455928 470
313032 717180 509
925363 109347 525
520566 968057 525
518425 860443 525
137350 412789 449
344767 556625 470
55315 657157 509
627704 311461 509
207694 672011 509
678078 591142 509
13928 643866 509
829550 45635 509
323604 155354 443
439668 349611 449
250029 452944 449
667911 376784 509
236389 923207 525
28329 594847 470
831528 462706 509
329563 601351 470
21343 685265 509
515714 286503 470
299193 797040 509
317861 490738 449
327761 889444 525
598660 449698 470
336761 587653 470
223179 625010 470
510880 706980 509
652849 819062 504
321479 535508 470
60155 228522 386
179165 694987 509
915277 473374 525
340596 903410 525
622687 984021 525
698714 198144 509
794981 762067 468
470702 49810 449
588642 877782 525
725777 511075 509
208758 788812 509
975360 769560 525
525078 765386 509
599457 281801 470
58266 24866 340
56313 426653 449
668011 861213 525
978781 799576 525
373353 304619 441
815382 376695 509
543016 881412 525
491122 222215 449
436510 256822 449
178889 37682 383
300136 161146 443
355712 257495 441
446879 310813 449
242412 133597 443
160338 533998 470
766530 392372 509
931720 227393 525
43748 898564 525
638587 431126 509
434635 774739 509
488869 205232 449
898492 570822 525
570587 828628 509
827174 653169 504
196962 112345 383
364329 19474 443
694566 376862 509
256587 162977 443
846601 893317 445
78896 528819 470
746329 354275 509
471836 308994 449
133697 115654 344
398308 602901 470
972251 306903 525
278720 822687 509
865764 662038 525
162519 471209 449
151863 231619 443
850975 679817 525
576396 572537 372
967587 159347 525
103846 687339 509
942851 228853 525
925016 627866 525
562365 215984 470
893187 324929 525
924747 203944 525
32484 344813 443
161941 449668 449
737688 503467 509
591414 826216 509
206778 581154 470
820326 929164 525
900981 76905 525
439715 846221 525
424570 988635 525
142056 405604 443
628927 977236 525
557001 24569 470
271713 462035 449
356291 539373 470
407779 30701 443
653623 642580 385
586392 427246 470
463961 891390 525
775619 429677 509
653797 346330 509
285736 148464 443
197541 282527 443
895879 416201 525
685887 710260 504
995649 611252 525
616197 834848 509
254974 379932 441
598260 905573 525
337325 288663 384
50710 523650 470
744673 641646 504
148301 593979 470
825326 90282 509
992298 573291 525
363475 781516 509
801851 551669 509
614072 322873 470
58340 616785 470
234838 54157 443
927693 458526 525
10111 98320 351
69972 520930 470
187085 446998 449
594988 471907 470
458647 156645 449
831661 219285 509
801232 376718 509
723337 463989 509
608757 592366 403
153382 933470 525
382418 532465 470
164323 97173 383
183811 600804 470
308930 581450 470
433495 572902 470
681604 562218 509
758356 766782 380
680520 269770 509
42087 998275 525
136812 868332 525
885561 412937 525
355722 297701 441
599655 603524 403
826511 366306 509
928601 831896 525
582036 284933 470
911690 812692 525
205150 65826 383
91061 366800 443
661512 820534 504
776993 798536 468
453410 146441 449
590514 480061 470
273947 775276 509
161858 418013 449
877902 331538 525
175662 639686 509
816631 981317 525
737882 350715 509
409930 347260 436
821452 559872 509
464482 92894 449
230282 726487 509
423056 76038 449
845321 991703 507
743359 486516 509
803780 85107 509
712791 697820 504
886180 883784 370
539919 243708 470
556933 454736 470
44372 291416 443
274660 279626 389
876344 752790 525
943860 634426 525
705931 409441 509
179718 862003 525
387652 456230 449
736583 193019 509
273662 181908 443
768726 692275 504
782137 98617 509
17437 854522 525
18221 137231 354
75326 321740 443
374224 147512 443
98177 543576 470
784854 618881 509
472649 889870 525
469441 523712 470
200970 549552 470
206641 82895 383
46459 74907 340
8981 671398 509
690064 290070 509
697234 151452 509
863911 400219 525
450811 705600 509
313429 729192 509
330445 78972 443
283170 391710 441
910539 272618 525
74016 351943 443
813597 456141 509
777796 763626 468
917575 165439 525
318730 906084 525
885076 509667 525
195334 796081 509
976890 857795 507
879049 634253 525
222670 656227 509
210067 999328 525
486188 740944 509
804710 297074 509
179879 230018 386
962440 776139 525
144247 847457 525
196191 668423 509
586906 991635 525
514790 52595 470
769659 932727 525
323594 348937 441
786906 397277 509
468958 533759 470
728921 613853 509
479085 254601 449
492829 14085 449
31104 246207 443
917188 127700 525
606447 1966 470
773887 421301 509
505427 266318 449
816856 405837 509
764882 564064 509
76087 229599 386
433832 823001 509
643491 725285 504
71508 211810 383
295889 698110 509
791430 892507 525
578924 351241 470
723078 736589 424
40612 153827 375
570899 517665 452
217208 217433 324
526828 728051 509
556345 183260 470
326092 433158 449
757167 121519 509
902307 374775 525
582829 745205 509
280969 757581 509
744475 371148 509
754107 822314 468
785850 381528 509
547147 716535 509
404455 156202 443
563203 813868 509
453231 529092 470
411714 260326 449
224852 720098 509
972888 858216 507
792757 606392 509
676175 392830 509
318957 278210 389
40352 787660 509
446383 417410 418
68884 490973 449
565242 130393 470
407527 219854 443
925450 156376 525
894184 301068 525
917179 621923 525
179018 269947 443
710357 886002 525
191660 325305 443
565706 599256 434
397137 451440 449
429514 232560 449
598158 503399 470
634583 873005 525
686301 351032 509
116958 966723 525
833111 848408 525
859891 690760 525
994797 149164 525
869121 591491 525
225327 20335 386
829119 479360 509
659726 816501 504
783469 314991 509
696434 579750 509
279649 453380 449
674640 873201 525
624483 483449 470
310412 131617 443
741756 631640 504
256555 196363 443
411288 208685 449
592529 27455 470
934421 428782 525
337181 959869 525
621572 58476 470
632049 754463 504
343593 196515 443
613680 432116 470
646768 898039 525
49199 75993 340
779826 844033 525
448295 357924 449
633212 555175 509
989229 314671 525
226112 360106 443
798836 101889 509
243567 157628 443
319184 697610 509
409658 718068 509
470631 682420 509
234894 408172 441
798128 644627 504
334369 308928 384
244552 394068 441
404502 694924 509
465504 58788 449
366967 628539 509
98674 599786 470
398719 324767 441
598427 677460 509
617317 446714 470
472506 536089 470
429836 293327 449
694415 241371 509
199535 13025 383
150065 252381 443
276063 920626 525
508356 283152 449
269770 905267 525
968013 148326 525
351744 212564 443
350557 292512 441
628473 573268 509
780888 138889 509
397166 658124 509
585743 327542 470
147233 734016 509
716562 229434 509
220016 509881 449
217401 998300 525
301512 659795 509
857261 664943 525
475537 277672 449
872525 574498 525
692792 396003 509
643201 104754 509
943436 130735 525
84843 589530 470
643738 360828 509
799759 324231 509
789674 635754 504
302104 779272 509
285319 798418 509
907619 586195 525
220459 866195 525
324010 200901 443
610975 556542 434
775647 57164 509
832473 175393 509
375701 78490 443
449553 478112 444
723510 717373 411
169712 23128 383
396673 985949 525
981175 402316 525
158590 663168 509
957548 212121 525
845629 150683 525
466453 299889 449
360248 850690 525
661509 250860 509
359877 911702 525
594853 764099 509
127787 659180 509
80903 465391 449
180874 599842 470
625932 71496 470
386711 411690 449
125872 421496 449
845243 155583 525
932417 236107 525
993400 25773 525
397198 762863 509
50308 911165 525
456781 129938 449
746605 133277 509
772899 412706 509
371744 675673 509
606825 265210 470
266978 139794 443
910520 415655 525
197560 645742 509
629932 641932 416
686798 265404 509
305601 703419 509
106584 758911 509
745026 527024 509
455566 277730 449
891358 628757 525
813595 390909 509
737777 216003 509
263273 231538 407
3035 957375 525
798061 814918 406
910726 223109 525
640730 79719 509
565021 328314 470
640159 654006 416
370817 596744 470
144372 58477 375
354296 567079 470
852553 782563 525
21085 798682 509
475832 55774 449
482151 869394 525
199022 413577 449
128902 723916 509
75599 349277 443
827070 895166 525
31032 14445 308
799501 829557 450
42514 14436 324
918367 181828 525
612290 29071 470
102903 627122 509
152130 766704 509
892584 154417 525
324991 84611 443
598428 605353 403
851286 946638 507
272179 500342 449
808882 749932 468
925181 311308 525
319888 510334 449
401745 28997 443
904776 471532 525
690999 869292 525
20116 291979 443
222592 786188 509
398959 246729 441
614119 611294 354
380586 298185 441
15686 347503 443
363738 680108 509
341279 43854 443
525479 742676 509
622987 117319 470
236600 274287 407
856296 218751 525
404223 551945 470
544667 429375 470
716494 838914 525
620133 639686 509
475290 538691 470
398527 126540 443
544720 712685 509
148818 577322 470
70041 28170 340
278324 556158 470
131187 536342 470
1289 824315 509
435498 129359 449
450712 946729 525
275701 266546 407
438551 755361 509
306620 641694 509
693719 662133 442
571722 506644 470
922228 97705 525
911601 781125 525
906942 805238 525
39521 36793 306
67132 364462 443
898825 213443 525
687385 639037 442
519700 597110 452
603729 913703 525
758481 269120 509
802540 140506 509
845849 159534 525
490363 593907 470
56592 323792 443
109386 246001 443
954481 114464 525
38804 424260 449
339344 198312 443
187941 210411 373
316414 540499 470
641793 117806 509
877948 565032 525
678369 606711 509
296583 802205 509
126050 161688 383
534395 759726 509
345875 796711 509
949839 32298 525
336147 140115 443
987959 910017 507
828579 414591 509
924985 709184 525
244807 93152 443
449305 386256 449
676904 85007 509
736989 135331 509
22374 990222 525
277122 850786 525
524480 262054 470
768534 749091 468
70584 990797 525
786116 323113 509
80198 153609 375
577086 558085 421
617639 94044 470
594001 940094 525
484096 230969 449
561267 676964 509
794462 654251 504
465223 852962 525
597507 97416 470
639012 379625 509
497100 969965 525
669154 8960 509
484227 839583 525
854184 59968 525
432640 51849 449
45247 185438 383
582261 937218 525
246789 378191 441
210750 648265 509
972115 407463 525
905139 203063 525
952938 210826 525
366643 556226 470
636035 569761 509
576219 412148 470
198960 837906 525
503317 743702 509
506813 408064 449
13554 831215 509
539510 507288 470
569457 725228 509
471911 943975 525
609557 569602 434
262825 147719 443
188272 109642 383
240230 686163 509
813336 620297 509
513720 26162 470
57842 829714 509
367690 984682 525
686702 697883 442
784351 219340 509
824392 826457 344
787687 61646 509
290939 997431 525
133013 612627 470
630259 995546 525
350758 134902 443
415448 820799 509
309912 752347 509
224723 546689 470
841994 354332 525
328997 277403 389
857710 73270 525
921560 923315 445
107145 559611 470
899629 872764 445
241641 283228 407
709528 857974 525
841330 10137 525
523376 438378 470
447909 522434 470
474528 530030 470
